<?xml version="1.0" encoding="utf-8"?><testsuites name="pytest tests"><testsuite name="pytest" errors="0" failures="0" skipped="0" tests="21" time="0.192" timestamp="2026-01-19T01:57:13.394683+00:00" hostname="agent-env-87802dd6-73fa-4146-8222-315c2577b11f"><testcase classname="tests.test_stores.TestFrontendLoads" name="test_homepage_loads" time="0.020" /><testcase classname="tests.test_stores.TestFrontendLoads" name="test_all_6_tabs_present" time="0.016" /><testcase classname="tests.test_stores.TestFrontendLoads" name="test_study_tab_elements_present" time="0.016" /><testcase classname="tests.test_stores.TestFrontendLoads" name="test_syllabus_tab_elements_present" time="0.017" /><testcase classname="tests.test_stores.TestStoreMethodsExist" name="test_studySessionStore_has_startQuickStudy" time="0.000" /><testcase classname="tests.test_stores.TestStoreMethodsExist" name="test_studySessionStore_has_resumeLastSession" time="0.000" /><testcase classname="tests.test_stores.TestStoreMethodsExist" name="test_studySessionStore_has_startTopicSession" time="0.000" /><testcase classname="tests.test_stores.TestStoreMethodsExist" name="test_studySessionStore_has_getWeakDeck" time="0.000" /><testcase classname="tests.test_stores.TestStoreMethodsExist" name="test_studySessionStore_has_getTopicDeck" time="0.000" /><testcase classname="tests.test_stores.TestStoreMethodsExist" name="test_studySessionStore_has_hasLastSession" time="0.000" /><testcase classname="tests.test_stores.TestStoreMethodsExist" name="test_syllabusStore_has_updateTopicAfterStudy" time="0.000" /><testcase classname="tests.test_stores.TestStoreMethodsExist" name="test_annotationStore_auto_adds_highlight_tag" time="0.001" /><testcase classname="tests.test_stores.TestStoreMethodsExist" name="test_quizStore_creates_flashcards_with_tags" time="0.000" /><testcase classname="tests.test_stores.TestSmartPDFViewerDefensiveGuards" name="test_defensive_guards_exist" time="0.000" /><testcase classname="tests.test_stores.TestSmartPDFViewerDefensiveGuards" name="test_renderAnnotationLayer_disabled" time="0.000" /><testcase classname="tests.test_stores.TestStudySessionPanelUI" name="test_quick_study_button_exists" time="0.000" /><testcase classname="tests.test_stores.TestStudySessionPanelUI" name="test_resume_session_button_exists" time="0.000" /><testcase classname="tests.test_stores.TestStudySessionPanelUI" name="test_start_full_session_button_exists" time="0.000" /><testcase classname="tests.test_stores.TestSyllabusModePanelUI" name="test_create_syllabus_button_exists" time="0.000" /><testcase classname="tests.test_stores.TestSyllabusModePanelUI" name="test_syllabus_empty_state_exists" time="0.000" /><testcase classname="tests.test_stores.TestSyllabusModePanelUI" name="test_quick_study_button_in_syllabus" time="0.000" /></testsuite></testsuites>